<?xml version="1.0" encoding="UTF-8"?>
<!-- Generated by org.testng.reporters.JUnitReportReporter -->
<testsuite hostname="LAPTOP-8LV2OBVU" failures="0" tests="2" name="testcases.TC007_ShopbyDepartmentTest" time="73.057" errors="0" timestamp="2023-12-23T13:58:32 IST" skipped="0">
  <testcase classname="testcases.TC007_ShopbyDepartmentTest" name="shopbydepartment" time="36.500"/>
  <testcase classname="testcases.TC007_ShopbyDepartmentTest" name="shopbydepartment" time="36.557"/>
</testsuite> <!-- testcases.TC007_ShopbyDepartmentTest -->
