<?xml version="1.0" encoding="UTF-8"?>
<!-- Generated by org.testng.reporters.JUnitReportReporter -->
<testsuite hostname="LAPTOP-8LV2OBVU" failures="0" tests="1" name="testcases.TC002_CreateAccountTest" time="21.865" errors="0" timestamp="2023-12-22T15:35:38 IST" skipped="0">
  <testcase classname="testcases.TC002_CreateAccountTest" name="createaccountTest" time="21.865"/>
</testsuite> <!-- testcases.TC002_CreateAccountTest -->
