<?xml version="1.0" encoding="UTF-8"?>
<!-- Generated by org.testng.reporters.JUnitReportReporter -->
<testsuite hostname="LAPTOP-8LV2OBVU" failures="0" tests="1" name="testcases.TC012_CanadaHomepageTest" time="29.774" errors="0" timestamp="2023-12-23T14:34:51 IST" skipped="0">
  <testcase classname="testcases.TC012_CanadaHomepageTest" name="homepage_CAN" time="29.774"/>
</testsuite> <!-- testcases.TC012_CanadaHomepageTest -->
