<?xml version="1.0" encoding="UTF-8"?>
<!-- Generated by org.testng.reporters.JUnitReportReporter -->
<testsuite hostname="LAPTOP-8LV2OBVU" failures="0" tests="1" name="testcases.TC009_CheckoutandPaymentTest" time="92.874" errors="0" timestamp="2023-12-23T12:07:16 IST" skipped="0">
  <testcase classname="testcases.TC009_CheckoutandPaymentTest" name="checkoutandpayment" time="92.874"/>
</testsuite> <!-- testcases.TC009_CheckoutandPaymentTest -->
