<?xml version="1.0" encoding="UTF-8"?>
<!-- Generated by org.testng.reporters.JUnitReportReporter -->
<testsuite hostname="LAPTOP-8LV2OBVU" failures="0" tests="1" name="testcases.TC011_BottomLinkTest" time="69.790" errors="0" timestamp="2023-12-22T15:35:38 IST" skipped="0">
  <testcase classname="testcases.TC011_BottomLinkTest" name="bottomlinktest" time="69.790"/>
</testsuite> <!-- testcases.TC011_BottomLinkTest -->
