<?xml version="1.0" encoding="UTF-8"?>
<!-- Generated by org.testng.reporters.JUnitReportReporter -->
<testsuite hostname="LAPTOP-8LV2OBVU" failures="0" tests="2" name="testcases.TC008_ShopbyBrandTest" time="64.931" errors="0" timestamp="2023-12-23T13:58:32 IST" skipped="0">
  <testcase classname="testcases.TC008_ShopbyBrandTest" name="shopbybrand" time="30.113"/>
  <testcase classname="testcases.TC008_ShopbyBrandTest" name="shopbybrand" time="34.818"/>
</testsuite> <!-- testcases.TC008_ShopbyBrandTest -->
