<?xml version="1.0" encoding="UTF-8"?>
<!-- Generated by org.testng.reporters.JUnitReportReporter -->
<testsuite hostname="LAPTOP-8LV2OBVU" failures="0" tests="1" name="testcases.TC003_NegativeCreateAccountTest" time="20.462" errors="0" timestamp="2023-12-22T15:35:38 IST" skipped="0">
  <testcase classname="testcases.TC003_NegativeCreateAccountTest" name="negativecreateaccountTest" time="20.462"/>
</testsuite> <!-- testcases.TC003_NegativeCreateAccountTest -->
